<?xml version="1.0" encoding="UTF-8"?>
<coverage generated="1724966813252" clover="3.2.0">
  <project timestamp="1724966813252" name="All files">
    <metrics statements="31" coveredstatements="31" conditionals="10" coveredconditionals="10" methods="18" coveredmethods="18" elements="59" coveredelements="59" complexity="0" loc="31" ncloc="31" packages="2" files="2" classes="2"/>
    <package name="components.ProductTable">
      <metrics statements="24" coveredstatements="24" conditionals="10" coveredconditionals="10" methods="17" coveredmethods="17"/>
      <file name="index.tsx" path="/Users/michaelsargsyan/Desktop/projects/personal-projects/product-listing-table/components/ProductTable/index.tsx">
        <metrics statements="24" coveredstatements="24" conditionals="10" coveredconditionals="10" methods="17" coveredmethods="17"/>
        <line num="2" count="1" type="stmt"/>
        <line num="4" count="1" type="stmt"/>
        <line num="9" count="1" type="stmt"/>
        <line num="11" count="1" type="stmt"/>
        <line num="13" count="1" type="stmt"/>
        <line num="14" count="6" type="stmt"/>
        <line num="17" count="10" type="stmt"/>
        <line num="19" count="6" type="stmt"/>
        <line num="21" count="10" type="stmt"/>
        <line num="24" count="6" type="stmt"/>
        <line num="26" count="10" type="stmt"/>
        <line num="28" count="6" type="stmt"/>
        <line num="30" count="10" type="stmt"/>
        <line num="32" count="6" type="stmt"/>
        <line num="34" count="8" type="stmt"/>
        <line num="36" count="6" type="stmt"/>
        <line num="52" count="1" type="stmt"/>
        <line num="53" count="5" type="stmt"/>
        <line num="59" count="30" type="stmt"/>
        <line num="74" count="5" type="stmt"/>
        <line num="76" count="29" type="stmt"/>
        <line num="120" count="10" type="stmt"/>
        <line num="122" count="58" type="stmt"/>
        <line num="135" count="3" type="stmt"/>
      </file>
    </package>
    <package name="hooks">
      <metrics statements="7" coveredstatements="7" conditionals="0" coveredconditionals="0" methods="1" coveredmethods="1"/>
      <file name="useProductTable.ts" path="/Users/michaelsargsyan/Desktop/projects/personal-projects/product-listing-table/hooks/useProductTable.ts">
        <metrics statements="7" coveredstatements="7" conditionals="0" coveredconditionals="0" methods="1" coveredmethods="1"/>
        <line num="2" count="1" type="stmt"/>
        <line num="9" count="1" type="stmt"/>
        <line num="11" count="5" type="stmt"/>
        <line num="12" count="5" type="stmt"/>
        <line num="13" count="5" type="stmt"/>
        <line num="20" count="5" type="stmt"/>
        <line num="36" count="5" type="stmt"/>
      </file>
    </package>
  </project>
</coverage>
