{"/Users/michaelsargsyan/Desktop/projects/personal-projects/product-listing-table/components/ProductTable/index.tsx": {"path":"/Users/michaelsargsyan/Desktop/projects/personal-projects/product-listing-table/components/ProductTable/index.tsx","statementMap":{"0":{"start":{"line":135,"column":0},"end":{"line":135,"column":15}},"1":{"start":{"line":2,"column":32},"end":{"line":2,"column":null}},"2":{"start":{"line":4,"column":18},"end":{"line":4,"column":null}},"3":{"start":{"line":9,"column":7},"end":{"line":9,"column":null}},"4":{"start":{"line":11,"column":21},"end":{"line":11,"column":null}},"5":{"start":{"line":13,"column":26},"end":{"line":50,"column":null}},"6":{"start":{"line":14,"column":33},"end":{"line":14,"column":39}},"7":{"start":{"line":17,"column":21},"end":{"line":17,"column":null}},"8":{"start":{"line":19,"column":33},"end":{"line":19,"column":41}},"9":{"start":{"line":21,"column":21},"end":{"line":21,"column":null}},"10":{"start":{"line":24,"column":33},"end":{"line":24,"column":42}},"11":{"start":{"line":26,"column":21},"end":{"line":26,"column":null}},"12":{"start":{"line":28,"column":33},"end":{"line":28,"column":44}},"13":{"start":{"line":30,"column":21},"end":{"line":30,"column":null}},"14":{"start":{"line":32,"column":33},"end":{"line":32,"column":48}},"15":{"start":{"line":34,"column":21},"end":{"line":34,"column":null}},"16":{"start":{"line":36,"column":33},"end":{"line":36,"column":45}},"17":{"start":{"line":52,"column":14},"end":{"line":133,"column":null}},"18":{"start":{"line":53,"column":20},"end":{"line":53,"column":null}},"19":{"start":{"line":59,"column":10},"end":{"line":59,"column":33}},"20":{"start":{"line":74,"column":14},"end":{"line":74,"column":null}},"21":{"start":{"line":76,"column":18},"end":{"line":77,"column":null}},"22":{"start":{"line":120,"column":14},"end":{"line":120,"column":31}},"23":{"start":{"line":122,"column":18},"end":{"line":122,"column":36}},"24":{"start":{"line":135,"column":15},"end":{"line":135,"column":null}}},"fnMap":{"0":{"name":"(anonymous_2)","decl":{"start":{"line":14,"column":24},"end":{"line":14,"column":25}},"loc":{"start":{"line":14,"column":33},"end":{"line":14,"column":39}}},"1":{"name":"(anonymous_3)","decl":{"start":{"line":17,"column":10},"end":{"line":17,"column":11}},"loc":{"start":{"line":17,"column":21},"end":{"line":17,"column":null}}},"2":{"name":"(anonymous_4)","decl":{"start":{"line":19,"column":24},"end":{"line":19,"column":25}},"loc":{"start":{"line":19,"column":33},"end":{"line":19,"column":41}}},"3":{"name":"(anonymous_5)","decl":{"start":{"line":21,"column":10},"end":{"line":21,"column":11}},"loc":{"start":{"line":21,"column":21},"end":{"line":21,"column":null}}},"4":{"name":"(anonymous_6)","decl":{"start":{"line":24,"column":24},"end":{"line":24,"column":25}},"loc":{"start":{"line":24,"column":33},"end":{"line":24,"column":42}}},"5":{"name":"(anonymous_7)","decl":{"start":{"line":26,"column":10},"end":{"line":26,"column":11}},"loc":{"start":{"line":26,"column":21},"end":{"line":26,"column":null}}},"6":{"name":"(anonymous_8)","decl":{"start":{"line":28,"column":24},"end":{"line":28,"column":25}},"loc":{"start":{"line":28,"column":33},"end":{"line":28,"column":44}}},"7":{"name":"(anonymous_9)","decl":{"start":{"line":30,"column":10},"end":{"line":30,"column":11}},"loc":{"start":{"line":30,"column":21},"end":{"line":30,"column":null}}},"8":{"name":"(anonymous_10)","decl":{"start":{"line":32,"column":24},"end":{"line":32,"column":25}},"loc":{"start":{"line":32,"column":33},"end":{"line":32,"column":48}}},"9":{"name":"(anonymous_11)","decl":{"start":{"line":34,"column":10},"end":{"line":34,"column":11}},"loc":{"start":{"line":34,"column":21},"end":{"line":34,"column":null}}},"10":{"name":"(anonymous_12)","decl":{"start":{"line":36,"column":24},"end":{"line":36,"column":25}},"loc":{"start":{"line":36,"column":33},"end":{"line":36,"column":45}}},"11":{"name":"(anonymous_14)","decl":{"start":{"line":52,"column":14},"end":{"line":52,"column":15}},"loc":{"start":{"line":52,"column":15},"end":{"line":133,"column":null}}},"12":{"name":"(anonymous_15)","decl":{"start":{"line":58,"column":35},"end":{"line":58,"column":36}},"loc":{"start":{"line":59,"column":10},"end":{"line":59,"column":33}}},"13":{"name":"(anonymous_16)","decl":{"start":{"line":73,"column":41},"end":{"line":73,"column":42}},"loc":{"start":{"line":74,"column":14},"end":{"line":74,"column":null}}},"14":{"name":"(anonymous_17)","decl":{"start":{"line":75,"column":41},"end":{"line":75,"column":42}},"loc":{"start":{"line":76,"column":18},"end":{"line":77,"column":null}}},"15":{"name":"(anonymous_18)","decl":{"start":{"line":119,"column":42},"end":{"line":119,"column":43}},"loc":{"start":{"line":120,"column":14},"end":{"line":120,"column":31}}},"16":{"name":"(anonymous_19)","decl":{"start":{"line":121,"column":43},"end":{"line":121,"column":44}},"loc":{"start":{"line":122,"column":18},"end":{"line":122,"column":36}}}},"branchMap":{"0":{"loc":{"start":{"line":83,"column":24},"end":{"line":85,"column":null}},"type":"cond-expr","locations":[{"start":{"line":84,"column":28},"end":{"line":84,"column":null}},{"start":{"line":85,"column":28},"end":{"line":85,"column":null}}]},"1":{"loc":{"start":{"line":89,"column":24},"end":{"line":95,"column":null}},"type":"cond-expr","locations":[{"start":{"line":90,"column":28},"end":{"line":94,"column":null}},{"start":{"line":95,"column":28},"end":{"line":95,"column":null}}]},"2":{"loc":{"start":{"line":90,"column":28},"end":{"line":94,"column":null}},"type":"cond-expr","locations":[{"start":{"line":91,"column":30},"end":{"line":91,"column":null}},{"start":{"line":92,"column":30},"end":{"line":94,"column":null}}]},"3":{"loc":{"start":{"line":92,"column":30},"end":{"line":94,"column":null}},"type":"cond-expr","locations":[{"start":{"line":93,"column":32},"end":{"line":93,"column":null}},{"start":{"line":94,"column":32},"end":{"line":94,"column":null}}]},"4":{"loc":{"start":{"line":102,"column":23},"end":{"line":105,"column":null}},"type":"binary-expr","locations":[{"start":{"line":102,"column":23},"end":{"line":105,"column":62}},{"start":{"line":105,"column":66},"end":{"line":105,"column":null}}]}},"s":{"0":3,"1":1,"2":1,"3":1,"4":1,"5":1,"6":6,"7":10,"8":6,"9":10,"10":6,"11":10,"12":6,"13":10,"14":6,"15":8,"16":6,"17":1,"18":5,"19":30,"20":5,"21":29,"22":10,"23":58,"24":1},"f":{"0":6,"1":10,"2":6,"3":10,"4":6,"5":10,"6":6,"7":10,"8":6,"9":8,"10":6,"11":5,"12":30,"13":5,"14":29,"15":10,"16":58},"b":{"0":[19,10],"1":[19,10],"2":[6,13],"3":[5,8],"4":[29,13]}}
,"/Users/michaelsargsyan/Desktop/projects/personal-projects/product-listing-table/hooks/useProductTable.ts": {"path":"/Users/michaelsargsyan/Desktop/projects/personal-projects/product-listing-table/hooks/useProductTable.ts","statementMap":{"0":{"start":{"line":11,"column":13},"end":{"line":11,"column":31}},"1":{"start":{"line":2,"column":25},"end":{"line":2,"column":null}},"2":{"start":{"line":9,"column":7},"end":{"line":9,"column":null}},"3":{"start":{"line":11,"column":31},"end":{"line":37,"column":null}},"4":{"start":{"line":12,"column":50},"end":{"line":12,"column":null}},"5":{"start":{"line":13,"column":32},"end":{"line":18,"column":null}},"6":{"start":{"line":20,"column":16},"end":{"line":34,"column":null}},"7":{"start":{"line":36,"column":2},"end":{"line":36,"column":null}}},"fnMap":{"0":{"name":"(anonymous_1)","decl":{"start":{"line":11,"column":31},"end":{"line":11,"column":32}},"loc":{"start":{"line":11,"column":53},"end":{"line":37,"column":null}}}},"branchMap":{},"s":{"0":5,"1":1,"2":1,"3":1,"4":5,"5":5,"6":5,"7":5},"f":{"0":5},"b":{}}
}
