TN:
SF:components/ProductTable/index.tsx
FN:14,(anonymous_2)
FN:17,(anonymous_3)
FN:19,(anonymous_4)
FN:21,(anonymous_5)
FN:24,(anonymous_6)
FN:26,(anonymous_7)
FN:28,(anonymous_8)
FN:30,(anonymous_9)
FN:32,(anonymous_10)
FN:34,(anonymous_11)
FN:36,(anonymous_12)
FN:52,(anonymous_14)
FN:58,(anonymous_15)
FN:73,(anonymous_16)
FN:75,(anonymous_17)
FN:119,(anonymous_18)
FN:121,(anonymous_19)
FNF:17
FNH:17
FNDA:6,(anonymous_2)
FNDA:10,(anonymous_3)
FNDA:6,(anonymous_4)
FNDA:10,(anonymous_5)
FNDA:6,(anonymous_6)
FNDA:10,(anonymous_7)
FNDA:6,(anonymous_8)
FNDA:10,(anonymous_9)
FNDA:6,(anonymous_10)
FNDA:8,(anonymous_11)
FNDA:6,(anonymous_12)
FNDA:5,(anonymous_14)
FNDA:30,(anonymous_15)
FNDA:5,(anonymous_16)
FNDA:29,(anonymous_17)
FNDA:10,(anonymous_18)
FNDA:58,(anonymous_19)
DA:2,1
DA:4,1
DA:9,1
DA:11,1
DA:13,1
DA:14,6
DA:17,10
DA:19,6
DA:21,10
DA:24,6
DA:26,10
DA:28,6
DA:30,10
DA:32,6
DA:34,8
DA:36,6
DA:52,1
DA:53,5
DA:59,30
DA:74,5
DA:76,29
DA:120,10
DA:122,58
DA:135,3
LF:24
LH:24
BRDA:83,0,0,19
BRDA:83,0,1,10
BRDA:89,1,0,19
BRDA:89,1,1,10
BRDA:90,2,0,6
BRDA:90,2,1,13
BRDA:92,3,0,5
BRDA:92,3,1,8
BRDA:102,4,0,29
BRDA:102,4,1,13
BRF:10
BRH:10
end_of_record
TN:
SF:hooks/useProductTable.ts
FN:11,(anonymous_1)
FNF:1
FNH:1
FNDA:5,(anonymous_1)
DA:2,1
DA:9,1
DA:11,5
DA:12,5
DA:13,5
DA:20,5
DA:36,5
LF:7
LH:7
BRF:0
BRH:0
end_of_record
